[31merror[39m:   Error creating users table:  getaddrinfo ENOTFOUND db
[31merror[39m:   Error setting up the users table:  getaddrinfo ENOTFOUND db
[31merror[39m:   Error creating transactions table:  getaddrinfo ENOTFOUND db
[31merror[39m:   Error setting up the transaction table: Error: getaddrinfo ENOTFOUND db
[31merror[39m:   Error creating users table:  getaddrinfo ENOTFOUND postgres
[31merror[39m:   Error setting up the users table:  getaddrinfo ENOTFOUND postgres
[31merror[39m:   Error creating transactions table:  getaddrinfo ENOTFOUND postgres
[31merror[39m:   Error setting up the transaction table: Error: getaddrinfo ENOTFOUND postgres
[32minfo[39m:    users table created successfully
[32minfo[39m:    Users table setup successfully
[32minfo[39m:    transactions table created successfully
[32minfo[39m:    userTransactions table created successfully
[32minfo[39m:    Transaction table setup successfully
[32minfo[39m:    transactions table created successfully
[32minfo[39m:    users table created successfully
[32minfo[39m:    Users table setup successfully
[32minfo[39m:    userTransactions table created successfully
[32minfo[39m:    Transaction table setup successfully
[32minfo[39m:    transactions table created successfully
[32minfo[39m:    userTransactions table created successfully
[32minfo[39m:    Transaction table setup successfully
[32minfo[39m:    users table created successfully
[32minfo[39m:    Users table setup successfully
[32minfo[39m:    transactions table created successfully
[32minfo[39m:    userTransactions table created successfully
[32minfo[39m:    Transaction table setup successfully
[32minfo[39m:    users table created successfully
[32minfo[39m:    Users table setup successfully
[32minfo[39m:    Rate inserted successfully
